[16:11:43] [main/INFO]: Setting user: Player296
[16:11:45] [Client thread/INFO]: LWJGL Version: 2.9.1
[16:11:52] [Client thread/INFO]: Reloading ResourceManager: Default, FMLFileResourcePack:Forge Mod Loader, FMLFileResourcePack:Minecraft Forge, FMLFileResourcePack:Happy Life
[16:11:53] [Sound Library Loader/INFO]: Sound engine started
[16:11:55] [Client thread/INFO]: Created: 512x256 textures/blocks-atlas
[16:11:55] [Client thread/INFO]: Created: 512x256 textures/items-atlas
[16:11:55] [Client thread/INFO]: Reloading ResourceManager: Default, FMLFileResourcePack:Forge Mod Loader, FMLFileResourcePack:Minecraft Forge, FMLFileResourcePack:Happy Life
[16:11:56] [Client thread/INFO]: Created: 512x256 textures/blocks-atlas
[16:11:56] [Client thread/INFO]: Created: 512x256 textures/items-atlas
[16:11:56] [Sound Library Loader/INFO]: Sound engine started
[16:12:05] [Server thread/INFO]: Starting integrated minecraft server version 1.7.10
[16:12:05] [Server thread/INFO]: Generating keypair
[16:12:06] [Server thread/INFO]: Preparing start region for level 0
[16:12:07] [Server thread/INFO]: Changing view distance to 12, from 10
[16:12:08] [Server thread/INFO]: Player296[local:E:26208be5] logged in with entity id 287 at (-170.50092439236164, 64.0, 226.14977705675764)
[16:12:08] [Server thread/INFO]: Player296 joined the game
[16:12:08] [Client thread/INFO]: [CHAT] ¡ìaaddChatComponentMessage
[16:12:08] [Client thread/INFO]: [CHAT] ¡ìaaddChatMessage
[16:12:12] [Client thread/INFO]: [CHAT] ¡ìa¡ìl233333333333333333333333333
[16:12:12] [Client thread/INFO]: [CHAT] ¡ìa¡ìl233333333333333333333333333
[16:12:12] [Client thread/INFO]: [CHAT] ¡ìa¡ìl233333333333333333333333333
[16:12:12] [Client thread/INFO]: [CHAT] ¡ìa¡ìl233333333333333333333333333
[16:12:12] [Client thread/INFO]: [CHAT] ¡ìa¡ìl233333333333333333333333333
[16:12:13] [Client thread/INFO]: [CHAT] ¡ìa¡ìl233333333333333333333333333
[16:12:13] [Client thread/INFO]: [CHAT] ¡ìa¡ìl233333333333333333333333333
[16:12:13] [Client thread/INFO]: [CHAT] ¡ìa¡ìl233333333333333333333333333
[16:12:13] [Client thread/INFO]: [CHAT] ¡ìa¡ìl233333333333333333333333333
[16:12:13] [Client thread/INFO]: [CHAT] ¡ìa¡ìl233333333333333333333333333
[16:12:13] [Client thread/INFO]: [CHAT] ¡ìa¡ìl233333333333333333333333333
[16:12:13] [Client thread/INFO]: [CHAT] ¡ìa¡ìl233333333333333333333333333
[16:12:13] [Client thread/INFO]: [CHAT] ¡ìa¡ìl233333333333333333333333333
[16:12:13] [Client thread/INFO]: [CHAT] ¡ìa¡ìl233333333333333333333333333
[16:12:13] [Client thread/INFO]: [CHAT] ¡ìa¡ìl233333333333333333333333333
[16:12:14] [Client thread/INFO]: [CHAT] ¡ìa¡ìl233333333333333333333333333
[16:12:14] [Client thread/INFO]: [CHAT] ¡ìa¡ìl233333333333333333333333333
[16:12:14] [Client thread/INFO]: [CHAT] ¡ìa¡ìl233333333333333333333333333
[16:12:14] [Client thread/INFO]: [CHAT] ¡ìa¡ìl233333333333333333333333333
[16:12:14] [Client thread/INFO]: [CHAT] ¡ìa¡ìl233333333333333333333333333
[16:12:14] [Client thread/INFO]: [CHAT] ¡ìa¡ìl233333333333333333333333333
[16:12:14] [Client thread/INFO]: [CHAT] ¡ìa¡ìl233333333333333333333333333
[16:12:14] [Client thread/INFO]: [CHAT] ¡ìa¡ìl233333333333333333333333333
[16:12:14] [Client thread/INFO]: [CHAT] ¡ìa¡ìl233333333333333333333333333
[16:12:15] [Client thread/INFO]: [CHAT] ¡ìa¡ìl233333333333333333333333333
[16:12:15] [Client thread/INFO]: [CHAT] ¡ìa¡ìl233333333333333333333333333
[16:12:15] [Client thread/INFO]: [CHAT] ¡ìa¡ìl233333333333333333333333333
[16:12:15] [Client thread/INFO]: [CHAT] ¡ìa¡ìl233333333333333333333333333
[16:12:15] [Client thread/INFO]: [CHAT] ¡ìa¡ìl233333333333333333333333333
[16:12:15] [Client thread/INFO]: [CHAT] ¡ìa¡ìl233333333333333333333333333
[16:12:15] [Client thread/INFO]: [CHAT] ¡ìa¡ìl233333333333333333333333333
[16:12:15] [Client thread/INFO]: [CHAT] ¡ìa¡ìl233333333333333333333333333
[16:12:15] [Client thread/INFO]: [CHAT] ¡ìa¡ìl233333333333333333333333333
[16:12:16] [Client thread/INFO]: [CHAT] ¡ìa¡ìl233333333333333333333333333
[16:12:16] [Client thread/INFO]: [CHAT] ¡ìa¡ìl233333333333333333333333333
[16:12:16] [Client thread/INFO]: [CHAT] ¡ìa¡ìl233333333333333333333333333
[16:12:16] [Client thread/INFO]: [CHAT] ¡ìa¡ìl233333333333333333333333333
[16:12:16] [Client thread/INFO]: [CHAT] ¡ìa¡ìl233333333333333333333333333
[16:12:16] [Client thread/INFO]: [CHAT] ¡ìa¡ìl233333333333333333333333333
[16:12:16] [Client thread/INFO]: [CHAT] ¡ìa¡ìl233333333333333333333333333
[16:12:16] [Client thread/INFO]: [CHAT] ¡ìa¡ìl233333333333333333333333333
[16:12:16] [Client thread/INFO]: [CHAT] ¡ìa¡ìl233333333333333333333333333
[16:12:16] [Client thread/INFO]: [CHAT] ¡ìa¡ìl233333333333333333333333333
[16:12:17] [Client thread/INFO]: [CHAT] ¡ìa¡ìl233333333333333333333333333
[16:12:17] [Client thread/INFO]: [CHAT] ¡ìa¡ìl233333333333333333333333333
[16:12:17] [Client thread/INFO]: [CHAT] ¡ìa¡ìl233333333333333333333333333
[16:12:17] [Client thread/INFO]: [CHAT] ¡ìa¡ìl233333333333333333333333333
[16:12:17] [Client thread/INFO]: [CHAT] ¡ìa¡ìl233333333333333333333333333
[16:12:17] [Client thread/INFO]: [CHAT] ¡ìa¡ìl233333333333333333333333333
[16:12:17] [Client thread/INFO]: [CHAT] ¡ìa¡ìl233333333333333333333333333
[16:12:17] [Client thread/INFO]: [CHAT] ¡ìa¡ìl233333333333333333333333333
[16:12:17] [Client thread/INFO]: [CHAT] ¡ìa¡ìl233333333333333333333333333
[16:12:17] [Client thread/INFO]: [CHAT] ¡ìa¡ìl233333333333333333333333333
[16:12:18] [Client thread/INFO]: [CHAT] ¡ìa¡ìl233333333333333333333333333
[16:12:18] [Client thread/INFO]: [CHAT] ¡ìa¡ìl233333333333333333333333333
[16:12:18] [Client thread/INFO]: [CHAT] ¡ìa¡ìl233333333333333333333333333
[16:12:18] [Client thread/INFO]: [CHAT] ¡ìa¡ìl233333333333333333333333333
[16:12:18] [Client thread/INFO]: [CHAT] ¡ìa¡ìl233333333333333333333333333
[16:12:18] [Client thread/INFO]: [CHAT] ¡ìa¡ìl233333333333333333333333333
[16:12:18] [Client thread/INFO]: [CHAT] ¡ìa¡ìl233333333333333333333333333
[16:12:18] [Client thread/INFO]: [CHAT] ¡ìa¡ìl233333333333333333333333333
[16:12:18] [Client thread/INFO]: [CHAT] ¡ìa¡ìl233333333333333333333333333
[16:12:18] [Client thread/INFO]: [CHAT] ¡ìa¡ìl233333333333333333333333333
[16:12:18] [Client thread/INFO]: [CHAT] ¡ìa¡ìl233333333333333333333333333
[16:12:18] [Client thread/INFO]: [CHAT] ¡ìa¡ìl233333333333333333333333333
[16:12:19] [Client thread/INFO]: [CHAT] ¡ìa¡ìl233333333333333333333333333
[16:12:19] [Client thread/INFO]: [CHAT] ¡ìa¡ìl233333333333333333333333333
[16:12:19] [Client thread/INFO]: [CHAT] ¡ìa¡ìl233333333333333333333333333
[16:12:19] [Client thread/INFO]: [CHAT] ¡ìa¡ìl233333333333333333333333333
[16:12:19] [Client thread/INFO]: [CHAT] ¡ìa¡ìl233333333333333333333333333
[16:12:19] [Client thread/INFO]: [CHAT] ¡ìa¡ìl233333333333333333333333333
[16:12:19] [Client thread/INFO]: [CHAT] ¡ìa¡ìl233333333333333333333333333
[16:12:19] [Client thread/INFO]: [CHAT] ¡ìa¡ìl233333333333333333333333333
[16:12:19] [Client thread/INFO]: [CHAT] ¡ìa¡ìl233333333333333333333333333
[16:12:19] [Client thread/INFO]: [CHAT] ¡ìa¡ìl233333333333333333333333333
[16:12:19] [Client thread/INFO]: [CHAT] ¡ìa¡ìl233333333333333333333333333
[16:12:20] [Client thread/INFO]: [CHAT] ¡ìa¡ìl233333333333333333333333333
[16:12:20] [Client thread/INFO]: [CHAT] ¡ìa¡ìl233333333333333333333333333
[16:12:20] [Client thread/INFO]: [CHAT] ¡ìa¡ìl233333333333333333333333333
[16:12:20] [Client thread/INFO]: [CHAT] ¡ìa¡ìl233333333333333333333333333
[16:12:20] [Client thread/INFO]: [CHAT] ¡ìa¡ìl233333333333333333333333333
[16:12:20] [Client thread/INFO]: [CHAT] ¡ìa¡ìl233333333333333333333333333
[16:12:20] [Client thread/INFO]: [CHAT] ¡ìa¡ìl233333333333333333333333333
[16:12:20] [Client thread/INFO]: [CHAT] ¡ìa¡ìl233333333333333333333333333
[16:12:20] [Client thread/INFO]: [CHAT] ¡ìa¡ìl233333333333333333333333333
[16:12:20] [Client thread/INFO]: [CHAT] ¡ìa¡ìl233333333333333333333333333
[16:12:21] [Client thread/INFO]: [CHAT] ¡ìa¡ìl233333333333333333333333333
[16:12:21] [Client thread/INFO]: [CHAT] ¡ìa¡ìl233333333333333333333333333
[16:12:21] [Client thread/INFO]: [CHAT] ¡ìa¡ìl233333333333333333333333333
[16:12:21] [Client thread/INFO]: [CHAT] ¡ìa¡ìl233333333333333333333333333
[16:12:21] [Client thread/INFO]: [CHAT] ¡ìa¡ìl233333333333333333333333333
[16:12:21] [Client thread/INFO]: [CHAT] ¡ìa¡ìl233333333333333333333333333
[16:12:21] [Client thread/INFO]: [CHAT] ¡ìa¡ìl233333333333333333333333333
[16:12:21] [Client thread/INFO]: [CHAT] ¡ìa¡ìl233333333333333333333333333
[16:12:21] [Client thread/INFO]: [CHAT] ¡ìa¡ìl233333333333333333333333333
[16:12:21] [Client thread/INFO]: [CHAT] ¡ìa¡ìl233333333333333333333333333
[16:12:22] [Client thread/INFO]: [CHAT] ¡ìa¡ìl233333333333333333333333333
[16:12:22] [Client thread/INFO]: [CHAT] ¡ìa¡ìl233333333333333333333333333
[16:12:22] [Client thread/INFO]: [CHAT] ¡ìa¡ìl233333333333333333333333333
[16:12:23] [Client thread/INFO]: [CHAT] ¡ìa¡ìl233333333333333333333333333
[16:12:23] [Client thread/INFO]: [CHAT] ¡ìa¡ìl233333333333333333333333333
[16:12:23] [Client thread/INFO]: [CHAT] ¡ìa¡ìl233333333333333333333333333
[16:12:23] [Client thread/INFO]: [CHAT] ¡ìa¡ìl233333333333333333333333333
[16:12:23] [Client thread/INFO]: [CHAT] ¡ìa¡ìl233333333333333333333333333
[16:12:23] [Client thread/INFO]: [CHAT] ¡ìa¡ìl233333333333333333333333333
[16:12:23] [Client thread/INFO]: [CHAT] ¡ìa¡ìl233333333333333333333333333
[16:12:24] [Client thread/INFO]: [CHAT] ¡ìa¡ìl233333333333333333333333333
[16:12:24] [Client thread/INFO]: [CHAT] ¡ìa¡ìl233333333333333333333333333
[16:12:24] [Client thread/INFO]: [CHAT] ¡ìa¡ìl233333333333333333333333333
[16:12:24] [Client thread/INFO]: [CHAT] ¡ìa¡ìl233333333333333333333333333
[16:12:24] [Client thread/INFO]: [CHAT] ¡ìa¡ìl233333333333333333333333333
[16:12:24] [Client thread/INFO]: [CHAT] ¡ìa¡ìl233333333333333333333333333
[16:12:25] [Client thread/INFO]: [CHAT] ¡ìa¡ìl233333333333333333333333333
[16:12:25] [Client thread/INFO]: [CHAT] ¡ìa¡ìl233333333333333333333333333
[16:12:25] [Client thread/INFO]: [CHAT] ¡ìa¡ìl233333333333333333333333333
[16:12:25] [Client thread/INFO]: [CHAT] ¡ìa¡ìl233333333333333333333333333
[16:12:25] [Server thread/INFO]: Saving and pausing game...
[16:12:25] [Server thread/INFO]: Saving chunks for level 'New World'/Overworld
[16:12:25] [Server thread/INFO]: Saving chunks for level 'New World'/Nether
[16:12:25] [Server thread/INFO]: Saving chunks for level 'New World'/The End
[16:12:33] [Client thread/INFO]: [CHAT] ¡ìa¡ìl233333333333333333333333333
[16:12:33] [Client thread/INFO]: [CHAT] ¡ìa¡ìl233333333333333333333333333
[16:12:33] [Client thread/INFO]: [CHAT] ¡ìa¡ìl233333333333333333333333333
[16:12:33] [Client thread/INFO]: [CHAT] ¡ìa¡ìl233333333333333333333333333
[16:12:33] [Client thread/INFO]: [CHAT] ¡ìa¡ìl233333333333333333333333333
[16:12:33] [Client thread/INFO]: [CHAT] ¡ìa¡ìl233333333333333333333333333
[16:12:33] [Client thread/INFO]: [CHAT] ¡ìa¡ìl233333333333333333333333333
[16:12:34] [Client thread/INFO]: [CHAT] ¡ìa¡ìl233333333333333333333333333
[16:12:34] [Client thread/INFO]: [CHAT] ¡ìa¡ìl233333333333333333333333333
[16:12:34] [Client thread/INFO]: [CHAT] ¡ìa¡ìl233333333333333333333333333
[16:12:34] [Client thread/INFO]: [CHAT] ¡ìa¡ìl233333333333333333333333333
[16:12:34] [Client thread/INFO]: [CHAT] ¡ìa¡ìl233333333333333333333333333
[16:12:34] [Client thread/INFO]: [CHAT] ¡ìa¡ìl233333333333333333333333333
[16:12:34] [Client thread/INFO]: [CHAT] ¡ìa¡ìl233333333333333333333333333
[16:12:34] [Client thread/INFO]: [CHAT] ¡ìa¡ìl233333333333333333333333333
[16:12:34] [Client thread/INFO]: [CHAT] ¡ìa¡ìl233333333333333333333333333
[16:12:34] [Client thread/INFO]: [CHAT] ¡ìa¡ìl233333333333333333333333333
[16:12:34] [Client thread/INFO]: [CHAT] ¡ìa¡ìl233333333333333333333333333
[16:12:35] [Server thread/INFO]: Saving and pausing game...
[16:12:35] [Server thread/INFO]: Saving chunks for level 'New World'/Overworld
[16:12:35] [Server thread/INFO]: Saving chunks for level 'New World'/Nether
[16:12:35] [Server thread/INFO]: Saving chunks for level 'New World'/The End
[16:12:37] [Client thread/INFO]: Stopping!
[16:12:37] [Server thread/INFO]: Stopping server
[16:12:37] [Server thread/INFO]: Saving players
[16:12:37] [Server thread/INFO]: Saving worlds
[16:12:37] [Server thread/INFO]: Saving chunks for level 'New World'/Overworld
[16:12:37] [Server thread/INFO]: Saving chunks for level 'New World'/Nether
[16:12:37] [Server thread/INFO]: Saving chunks for level 'New World'/The End
